<?xml version="1.0" encoding="UTF-8"?>
<!-- Generated by org.testng.reporters.JUnitXMLReporter -->
<testsuite ignored="6" hostname="LAPTOP-VRF7QEJL" failures="0" tests="4" name="Test" time="71.468" errors="0" timestamp="2025-01-28T11:46:59 IST">
  <testcase classname="tcRepo.TC_004" name="contacts_001" time="23.648"/>
  <testcase classname="tcRepo.TC_003" name="leads_003" time="8.834"/>
  <testcase classname="tcRepo.TC_002" name="leads_002" time="8.146"/>
  <testcase classname="tcRepo.TC_005" name="contacts_002" time="8.626"/>
  <testcase classname="genericUtility.BaseClass" name="@BeforeSuite dbConnection" time="0.0">
    <ignored/>
  </testcase> <!-- @BeforeSuite dbConnection -->
  <testcase classname="genericUtility.BaseClass" name="@BeforeSuite dbConnection" time="0.0">
    <ignored/>
  </testcase> <!-- @BeforeSuite dbConnection -->
  <testcase classname="genericUtility.BaseClass" name="@AfterSuite dbConnectionClosed" time="0.0">
    <ignored/>
  </testcase> <!-- @AfterSuite dbConnectionClosed -->
  <testcase classname="genericUtility.BaseClass" name="@AfterSuite dbConnectionClosed" time="0.0">
    <ignored/>
  </testcase> <!-- @AfterSuite dbConnectionClosed -->
  <testcase classname="genericUtility.BaseClass" name="@BeforeSuite dbConnection" time="0.0">
    <ignored/>
  </testcase> <!-- @BeforeSuite dbConnection -->
  <testcase classname="genericUtility.BaseClass" name="@AfterSuite dbConnectionClosed" time="0.0">
    <ignored/>
  </testcase> <!-- @AfterSuite dbConnectionClosed -->
</testsuite> <!-- Test -->
